0 verbose cli /opt/homebrew/Cellar/node/25.2.1/bin/node /opt/homebrew/bin/npm
1 info using npm@11.10.1
2 info using node@v25.2.1
3 silly config load:file:/opt/homebrew/lib/node_modules/npm/npmrc
4 silly config load:file:/Users/cxc/Desktop/applab/output/engineer-pro-ultimate-tool/.npmrc
5 silly config load:file:/Users/cxc/.npmrc
6 silly config load:file:/opt/homebrew/etc/npmrc
7 verbose title npm install
8 verbose argv "install"
9 verbose logfile logs-max:10 dir:/Users/cxc/Desktop/applab/output/engineer-pro-ultimate-tool/.npm-cache/_logs/2026-04-24T18_48_42_235Z-
10 verbose logfile /Users/cxc/Desktop/applab/output/engineer-pro-ultimate-tool/.npm-cache/_logs/2026-04-24T18_48_42_235Z-debug-0.log
11 silly logfile done cleaning log files
12 silly packumentCache heap:4496293888 maxSize:1124073472 maxEntrySize:562036736
13 silly idealTree buildDeps
14 silly fetch manifest next@^14.3.0
15 silly packumentCache full:https://registry.npmjs.org/next cache-miss
16 http cache https://registry.npmjs.org/next 23ms (cache hit)
17 silly packumentCache full:https://registry.npmjs.org/next set size:30198231 disposed:false
18 silly fetch manifest @cloudflare/next-on-pages@^1.13.12
19 silly packumentCache full:https://registry.npmjs.org/@cloudflare%2fnext-on-pages cache-miss
20 http cache https://registry.npmjs.org/@cloudflare%2fnext-on-pages 5ms (cache hit)
21 silly packumentCache full:https://registry.npmjs.org/@cloudflare%2fnext-on-pages set size:2260753 disposed:false
22 silly fetch manifest @cloudflare/workers-types@^4.20240208.0
23 silly packumentCache full:https://registry.npmjs.org/@cloudflare%2fworkers-types cache-miss
24 http cache https://registry.npmjs.org/@cloudflare%2fworkers-types 2ms (cache hit)
25 silly packumentCache full:https://registry.npmjs.org/@cloudflare%2fworkers-types set size:1529590 disposed:false
26 silly fetch manifest next@^14.3.0
27 silly packumentCache full:https://registry.npmjs.org/next cache-miss
28 http cache https://registry.npmjs.org/next 18ms (cache hit)
29 silly packumentCache full:https://registry.npmjs.org/next set size:30198231 disposed:false
30 silly fetch manifest next@>=14.3.0 && <=15.5.2
31 silly packumentCache full:https://registry.npmjs.org/next cache-miss
32 http cache https://registry.npmjs.org/next 19ms (cache hit)
33 silly packumentCache full:https://registry.npmjs.org/next set size:30198231 disposed:false
34 verbose stack Error: unable to resolve dependency tree
34 verbose stack     at #failPeerConflict (/opt/homebrew/lib/node_modules/npm/node_modules/@npmcli/arborist/lib/arborist/build-ideal-tree.js:1415:25)
34 verbose stack     at #loadPeerSet (/opt/homebrew/lib/node_modules/npm/node_modules/@npmcli/arborist/lib/arborist/build-ideal-tree.js:1381:33)
34 verbose stack     at async #buildDepStep (/opt/homebrew/lib/node_modules/npm/node_modules/@npmcli/arborist/lib/arborist/build-ideal-tree.js:917:11)
34 verbose stack     at async Arborist.buildIdealTree (/opt/homebrew/lib/node_modules/npm/node_modules/@npmcli/arborist/lib/arborist/build-ideal-tree.js:170:7)
34 verbose stack     at async Promise.all (index 1)
34 verbose stack     at async Arborist.reify (/opt/homebrew/lib/node_modules/npm/node_modules/@npmcli/arborist/lib/arborist/reify.js:110:5)
34 verbose stack     at async Install.exec (/opt/homebrew/lib/node_modules/npm/lib/commands/install.js:152:5)
34 verbose stack     at async Npm.exec (/opt/homebrew/lib/node_modules/npm/lib/npm.js:209:9)
34 verbose stack     at async module.exports (/opt/homebrew/lib/node_modules/npm/lib/cli/entry.js:67:5)
35 error code ERESOLVE
36 error ERESOLVE unable to resolve dependency tree
37 error
38 error While resolving: engineer-pro-ultimate-tool@0.1.0
38 error Found: next@undefined
38 error node_modules/next
38 error   next@"^14.3.0" from the root project
38 error
38 error Could not resolve dependency:
38 error peer next@">=14.3.0 && <=15.5.2" from @cloudflare/next-on-pages@1.13.16
38 error node_modules/@cloudflare/next-on-pages
38 error   @cloudflare/next-on-pages@"^1.13.12" from the root project
38 error
38 error Fix the upstream dependency conflict, or retry
38 error this command with --force or --legacy-peer-deps
38 error to accept an incorrect (and potentially broken) dependency resolution.
39 error
39 error
39 error For a full report see:
39 error /Users/cxc/Desktop/applab/output/engineer-pro-ultimate-tool/.npm-cache/_logs/2026-04-24T18_48_42_235Z-eresolve-report.txt
40 silly unfinished npm timer reify 1777056522310
41 silly unfinished npm timer reify:loadTrees 1777056522310
42 silly unfinished npm timer idealTree:buildDeps 1777056522314
43 silly unfinished npm timer idealTree:#root 1777056522314
44 verbose cwd /Users/cxc/Desktop/applab/output/engineer-pro-ultimate-tool
45 verbose os Darwin 25.2.0
46 verbose node v25.2.1
47 verbose npm  v11.10.1
48 verbose exit 1
49 verbose code 1
50 error A complete log of this run can be found in: /Users/cxc/Desktop/applab/output/engineer-pro-ultimate-tool/.npm-cache/_logs/2026-04-24T18_48_42_235Z-debug-0.log
