0 verbose cli /opt/homebrew/Cellar/node/25.2.1/bin/node /opt/homebrew/bin/npm
1 info using npm@11.10.1
2 info using node@v25.2.1
3 silly config load:file:/opt/homebrew/lib/node_modules/npm/npmrc
4 silly config load:file:/Users/cxc/Desktop/applab/output/engineer-pro-ultimate-tool/.npmrc
5 silly config load:file:/Users/cxc/.npmrc
6 silly config load:file:/opt/homebrew/etc/npmrc
7 verbose title npm install
8 verbose argv "install" "--legacy-peer-deps"
9 verbose logfile logs-max:10 dir:/Users/cxc/Desktop/applab/output/engineer-pro-ultimate-tool/.npm-cache/_logs/2026-04-24T19_28_41_788Z-
10 verbose logfile /Users/cxc/Desktop/applab/output/engineer-pro-ultimate-tool/.npm-cache/_logs/2026-04-24T19_28_41_788Z-debug-0.log
11 silly logfile done cleaning log files
12 silly packumentCache heap:4496293888 maxSize:1124073472 maxEntrySize:562036736
13 silly idealTree buildDeps
14 silly fetch manifest next@15.2.4
15 silly packumentCache full:https://registry.npmjs.org/next cache-miss
16 http fetch GET 200 https://registry.npmjs.org/next 262ms (cache revalidated)
17 silly packumentCache full:https://registry.npmjs.org/next set size:30198231 disposed:false
18 silly fetch manifest @cloudflare/next-on-pages@^1.13.12
19 silly packumentCache full:https://registry.npmjs.org/@cloudflare%2fnext-on-pages cache-miss
20 http fetch GET 200 https://registry.npmjs.org/@cloudflare%2fnext-on-pages 79ms (cache revalidated)
21 silly packumentCache full:https://registry.npmjs.org/@cloudflare%2fnext-on-pages set size:2260753 disposed:false
22 silly fetch manifest @marsidev/react-turnstile@^0.9.0
23 silly packumentCache full:https://registry.npmjs.org/@marsidev%2freact-turnstile cache-miss
24 http fetch GET 200 https://registry.npmjs.org/@marsidev%2freact-turnstile 727ms (cache miss)
25 silly packumentCache full:https://registry.npmjs.org/@marsidev%2freact-turnstile set size:undefined disposed:false
26 silly fetch manifest @supabase/ssr@^0.1.0
27 silly packumentCache full:https://registry.npmjs.org/@supabase%2fssr cache-miss
28 http fetch GET 200 https://registry.npmjs.org/@supabase%2fssr 769ms (cache miss)
29 silly packumentCache full:https://registry.npmjs.org/@supabase%2fssr set size:undefined disposed:false
30 silly fetch manifest @supabase/supabase-js@^2.43.4
31 silly packumentCache full:https://registry.npmjs.org/@supabase%2fsupabase-js cache-miss
32 http fetch GET 200 https://registry.npmjs.org/@supabase%2fsupabase-js 200ms (cache miss)
33 silly packumentCache full:https://registry.npmjs.org/@supabase%2fsupabase-js set size:undefined disposed:false
34 silly fetch manifest jose@^5.3.0
35 silly packumentCache full:https://registry.npmjs.org/jose cache-miss
36 http fetch GET 200 https://registry.npmjs.org/jose 113ms (cache miss)
37 silly packumentCache full:https://registry.npmjs.org/jose set size:undefined disposed:false
38 silly fetch manifest react@^18.2.0
39 silly packumentCache full:https://registry.npmjs.org/react cache-miss
40 http fetch GET 200 https://registry.npmjs.org/react 71ms (cache revalidated)
41 silly packumentCache full:https://registry.npmjs.org/react set size:6625721 disposed:false
42 silly fetch manifest react-dom@^18.2.0
43 silly packumentCache full:https://registry.npmjs.org/react-dom cache-miss
44 http fetch GET 200 https://registry.npmjs.org/react-dom 79ms (cache revalidated)
45 silly packumentCache full:https://registry.npmjs.org/react-dom set size:8826021 disposed:false
46 silly fetch manifest stripe@^15.9.0
47 silly packumentCache full:https://registry.npmjs.org/stripe cache-miss
48 http fetch GET 200 https://registry.npmjs.org/stripe 165ms (cache miss)
49 silly packumentCache full:https://registry.npmjs.org/stripe set size:undefined disposed:false
50 silly fetch manifest typescript@^5.4.5
51 silly packumentCache full:https://registry.npmjs.org/typescript cache-miss
52 http fetch GET 200 https://registry.npmjs.org/typescript 323ms (cache miss)
53 silly packumentCache full:https://registry.npmjs.org/typescript set size:undefined disposed:false
54 silly fetch manifest @types/node@^20.12.12
55 silly packumentCache full:https://registry.npmjs.org/@types%2fnode cache-miss
56 http fetch GET 200 https://registry.npmjs.org/@types%2fnode 262ms (cache miss)
57 silly packumentCache full:https://registry.npmjs.org/@types%2fnode set size:undefined disposed:false
58 silly fetch manifest @types/react@^18.2.47
59 silly packumentCache full:https://registry.npmjs.org/@types%2freact cache-miss
60 http fetch GET 200 https://registry.npmjs.org/@types%2freact 169ms (cache miss)
61 silly packumentCache full:https://registry.npmjs.org/@types%2freact set size:undefined disposed:false
62 silly fetch manifest @types/react-dom@^18.2.18
63 silly packumentCache full:https://registry.npmjs.org/@types%2freact-dom cache-miss
64 http fetch GET 200 https://registry.npmjs.org/@types%2freact-dom 85ms (cache miss)
65 silly packumentCache full:https://registry.npmjs.org/@types%2freact-dom set size:undefined disposed:false
66 silly fetch manifest autoprefixer@^10.4.19
67 silly packumentCache full:https://registry.npmjs.org/autoprefixer cache-miss
68 http fetch GET 200 https://registry.npmjs.org/autoprefixer 104ms (cache miss)
69 silly packumentCache full:https://registry.npmjs.org/autoprefixer set size:undefined disposed:false
70 silly fetch manifest postcss@^8.4.38
71 silly packumentCache full:https://registry.npmjs.org/postcss cache-miss
72 http fetch GET 200 https://registry.npmjs.org/postcss 92ms (cache miss)
73 silly packumentCache full:https://registry.npmjs.org/postcss set size:undefined disposed:false
74 silly fetch manifest tailwindcss@^3.4.3
75 silly packumentCache full:https://registry.npmjs.org/tailwindcss cache-miss
76 http fetch GET 200 https://registry.npmjs.org/tailwindcss 254ms (cache miss)
77 silly packumentCache full:https://registry.npmjs.org/tailwindcss set size:undefined disposed:false
78 silly fetch manifest eslint@^8.57.0
79 silly packumentCache full:https://registry.npmjs.org/eslint cache-miss
80 http fetch GET 200 https://registry.npmjs.org/eslint 100ms (cache miss)
81 silly packumentCache full:https://registry.npmjs.org/eslint set size:undefined disposed:false
82 silly fetch manifest eslint-config-next@15.2.4
83 silly packumentCache full:https://registry.npmjs.org/eslint-config-next cache-miss
84 http fetch GET 200 https://registry.npmjs.org/eslint-config-next 790ms (cache miss)
85 silly packumentCache full:https://registry.npmjs.org/eslint-config-next set size:undefined disposed:false
86 silly placeDep ROOT @cloudflare/next-on-pages@1.13.16 OK for: engineer-pro-ultimate-tool@0.1.0 want: ^1.13.12
87 silly placeDep ROOT @marsidev/react-turnstile@ OK for: engineer-pro-ultimate-tool@0.1.0 want: ^0.9.0
88 silly placeDep ROOT @supabase/ssr@0.1.0 OK for: engineer-pro-ultimate-tool@0.1.0 want: ^0.1.0
89 silly placeDep ROOT @supabase/supabase-js@2.104.1 OK for: engineer-pro-ultimate-tool@0.1.0 want: ^2.43.4
90 silly placeDep ROOT @types/node@20.19.39 OK for: engineer-pro-ultimate-tool@0.1.0 want: ^20.12.12
91 silly placeDep ROOT @types/react@18.3.28 OK for: engineer-pro-ultimate-tool@0.1.0 want: ^18.2.47
92 silly placeDep ROOT @types/react-dom@18.3.7 OK for: engineer-pro-ultimate-tool@0.1.0 want: ^18.2.18
93 silly placeDep ROOT autoprefixer@10.5.0 OK for: engineer-pro-ultimate-tool@0.1.0 want: ^10.4.19
94 silly placeDep ROOT eslint@8.57.1 OK for: engineer-pro-ultimate-tool@0.1.0 want: ^8.57.0
95 silly placeDep ROOT eslint-config-next@15.2.4 OK for: engineer-pro-ultimate-tool@0.1.0 want: 15.2.4
96 silly placeDep ROOT jose@5.10.0 OK for: engineer-pro-ultimate-tool@0.1.0 want: ^5.3.0
97 silly placeDep ROOT next@15.2.4 OK for: engineer-pro-ultimate-tool@0.1.0 want: 15.2.4
98 silly placeDep ROOT postcss@8.5.10 OK for: engineer-pro-ultimate-tool@0.1.0 want: ^8.4.38
99 silly placeDep ROOT react@18.3.1 OK for: engineer-pro-ultimate-tool@0.1.0 want: ^18.2.0
100 silly placeDep ROOT react-dom@18.3.1 OK for: engineer-pro-ultimate-tool@0.1.0 want: ^18.2.0
101 silly placeDep ROOT stripe@15.12.0 OK for: engineer-pro-ultimate-tool@0.1.0 want: ^15.9.0
102 silly placeDep ROOT tailwindcss@3.4.19 OK for: engineer-pro-ultimate-tool@0.1.0 want: ^3.4.3
103 silly placeDep ROOT typescript@5.9.3 OK for: engineer-pro-ultimate-tool@0.1.0 want: ^5.4.5
104 silly fetch manifest acorn@^8.8.0
105 silly packumentCache full:https://registry.npmjs.org/acorn cache-miss
106 silly fetch manifest chalk@^5.2.0
107 silly packumentCache full:https://registry.npmjs.org/chalk cache-miss
108 silly fetch manifest cookie@^0.5.0
109 silly packumentCache full:https://registry.npmjs.org/cookie cache-miss
110 silly fetch manifest semver@^7.5.2
111 silly packumentCache full:https://registry.npmjs.org/semver cache-miss
112 silly fetch manifest esbuild@^0.15.3
113 silly packumentCache full:https://registry.npmjs.org/esbuild cache-miss
114 silly fetch manifest js-yaml@^4.1.0
115 silly packumentCache full:https://registry.npmjs.org/js-yaml cache-miss
116 silly fetch manifest chokidar@^3.5.3
117 silly packumentCache full:https://registry.npmjs.org/chokidar cache-miss
118 silly fetch manifest ast-types@^0.14.2
119 silly packumentCache full:https://registry.npmjs.org/ast-types cache-miss
120 silly fetch manifest commander@^11.1.0
121 silly packumentCache full:https://registry.npmjs.org/commander cache-miss
122 http fetch GET 200 https://registry.npmjs.org/acorn 72ms (cache miss)
123 silly packumentCache full:https://registry.npmjs.org/acorn set size:undefined disposed:false
124 silly fetch manifest miniflare@^3.20231218.1
125 silly packumentCache full:https://registry.npmjs.org/miniflare cache-miss
126 http fetch GET 200 https://registry.npmjs.org/cookie 184ms (cache miss)
127 silly packumentCache full:https://registry.npmjs.org/cookie set size:undefined disposed:false
128 silly fetch manifest pcre-to-regexp@^1.1.0
129 silly packumentCache full:https://registry.npmjs.org/pcre-to-regexp cache-miss
130 http fetch GET 200 https://registry.npmjs.org/chalk 187ms (cache miss)
131 silly packumentCache full:https://registry.npmjs.org/chalk set size:undefined disposed:false
132 silly fetch manifest package-manager-manager@^0.2.0
133 silly packumentCache full:https://registry.npmjs.org/package-manager-manager cache-miss
134 http fetch GET 200 https://registry.npmjs.org/chokidar 254ms (cache miss)
135 silly packumentCache full:https://registry.npmjs.org/chokidar set size:undefined disposed:false
136 silly fetch manifest ramda@^0.29.0
137 silly packumentCache full:https://registry.npmjs.org/ramda cache-miss
138 http fetch GET 200 https://registry.npmjs.org/semver 259ms (cache miss)
139 silly packumentCache full:https://registry.npmjs.org/semver set size:undefined disposed:false
140 silly fetch manifest @supabase/auth-js@2.104.1
141 silly packumentCache full:https://registry.npmjs.org/@supabase%2fauth-js cache-miss
142 http fetch GET 200 https://registry.npmjs.org/ast-types 279ms (cache miss)
143 silly packumentCache full:https://registry.npmjs.org/ast-types set size:undefined disposed:false
144 silly fetch manifest @supabase/storage-js@2.104.1
145 silly packumentCache full:https://registry.npmjs.org/@supabase%2fstorage-js cache-miss
146 http fetch GET 200 https://registry.npmjs.org/commander 308ms (cache miss)
147 silly packumentCache full:https://registry.npmjs.org/commander set size:undefined disposed:false
148 silly fetch manifest @supabase/realtime-js@2.104.1
149 silly packumentCache full:https://registry.npmjs.org/@supabase%2frealtime-js cache-miss
150 http fetch GET 200 https://registry.npmjs.org/esbuild 393ms (cache miss)
151 silly packumentCache full:https://registry.npmjs.org/esbuild set size:undefined disposed:false
152 silly fetch manifest @supabase/functions-js@2.104.1
153 silly packumentCache full:https://registry.npmjs.org/@supabase%2ffunctions-js cache-miss
154 http fetch GET 200 https://registry.npmjs.org/miniflare 350ms (cache miss)
155 silly packumentCache full:https://registry.npmjs.org/miniflare set size:undefined disposed:false
156 silly fetch manifest @supabase/postgrest-js@2.104.1
157 silly packumentCache full:https://registry.npmjs.org/@supabase%2fpostgrest-js cache-miss
158 http fetch GET 200 https://registry.npmjs.org/package-manager-manager 260ms (cache miss)
159 silly packumentCache full:https://registry.npmjs.org/package-manager-manager set size:undefined disposed:false
160 silly fetch manifest undici-types@~6.21.0
161 silly packumentCache full:https://registry.npmjs.org/undici-types cache-miss
162 http fetch GET 200 https://registry.npmjs.org/ramda 247ms (cache miss)
163 silly packumentCache full:https://registry.npmjs.org/ramda set size:undefined disposed:false
164 silly fetch manifest csstype@^3.2.2
165 silly packumentCache full:https://registry.npmjs.org/csstype cache-miss
166 http fetch GET 200 https://registry.npmjs.org/undici-types 71ms (cache miss)
167 silly packumentCache full:https://registry.npmjs.org/undici-types set size:undefined disposed:false
168 silly fetch manifest @types/prop-types@*
169 silly packumentCache full:https://registry.npmjs.org/@types%2fprop-types cache-miss
170 http fetch GET 200 https://registry.npmjs.org/csstype 89ms (cache miss)
171 silly packumentCache full:https://registry.npmjs.org/csstype set size:undefined disposed:false
172 silly fetch manifest browserslist@^4.28.2
173 silly packumentCache full:https://registry.npmjs.org/browserslist cache-miss
174 http fetch GET 200 https://registry.npmjs.org/browserslist 88ms (cache miss)
175 silly packumentCache full:https://registry.npmjs.org/browserslist set size:undefined disposed:false
176 silly fetch manifest caniuse-lite@^1.0.30001787
177 silly packumentCache full:https://registry.npmjs.org/caniuse-lite cache-miss
178 http fetch GET 200 https://registry.npmjs.org/js-yaml 741ms (cache miss)
179 silly packumentCache full:https://registry.npmjs.org/js-yaml set size:undefined disposed:false
180 silly fetch manifest fraction.js@^5.3.4
181 silly packumentCache full:https://registry.npmjs.org/fraction.js cache-miss
182 http fetch GET 200 https://registry.npmjs.org/fraction.js 63ms (cache miss)
183 silly packumentCache full:https://registry.npmjs.org/fraction.js set size:undefined disposed:false
184 silly fetch manifest picocolors@^1.1.1
185 silly packumentCache full:https://registry.npmjs.org/picocolors cache-miss
186 http fetch GET 200 https://registry.npmjs.org/pcre-to-regexp 632ms (cache miss)
187 silly packumentCache full:https://registry.npmjs.org/pcre-to-regexp set size:undefined disposed:false
188 silly fetch manifest postcss-value-parser@^4.2.0
189 silly packumentCache full:https://registry.npmjs.org/postcss-value-parser cache-miss
190 http fetch GET 200 https://registry.npmjs.org/postcss-value-parser 65ms (cache miss)
191 silly packumentCache full:https://registry.npmjs.org/postcss-value-parser set size:undefined disposed:false
192 silly fetch manifest ajv@^6.12.4
193 silly packumentCache full:https://registry.npmjs.org/ajv cache-miss
194 http fetch GET 200 https://registry.npmjs.org/picocolors 75ms (cache miss)
195 silly packumentCache full:https://registry.npmjs.org/picocolors set size:undefined disposed:false
196 silly fetch manifest levn@^0.4.1
197 silly packumentCache full:https://registry.npmjs.org/levn cache-miss
198 http fetch GET 200 https://registry.npmjs.org/caniuse-lite 209ms (cache miss)
199 silly packumentCache full:https://registry.npmjs.org/caniuse-lite set size:undefined disposed:false
200 silly fetch manifest chalk@^4.0.0
201 silly packumentCache full:https://registry.npmjs.org/chalk cache-miss
202 http cache https://registry.npmjs.org/chalk 5ms (cache hit)
203 silly packumentCache full:https://registry.npmjs.org/chalk set size:117861 disposed:false
204 silly fetch manifest debug@^4.3.2
205 silly packumentCache full:https://registry.npmjs.org/debug cache-miss
206 http fetch GET 200 https://registry.npmjs.org/@types%2fprop-types 413ms (cache miss)
207 silly packumentCache full:https://registry.npmjs.org/@types%2fprop-types set size:undefined disposed:false
208 silly fetch manifest espree@^9.6.1
209 silly packumentCache full:https://registry.npmjs.org/espree cache-miss
210 http fetch GET 200 https://registry.npmjs.org/@supabase%2fauth-js 676ms (cache miss)
211 silly packumentCache full:https://registry.npmjs.org/@supabase%2fauth-js set size:undefined disposed:false
212 silly fetch manifest ignore@^5.2.0
213 silly packumentCache full:https://registry.npmjs.org/ignore cache-miss
214 http fetch GET 200 https://registry.npmjs.org/levn 65ms (cache miss)
215 silly packumentCache full:https://registry.npmjs.org/levn set size:undefined disposed:false
216 silly fetch manifest esquery@^1.4.2
217 silly packumentCache full:https://registry.npmjs.org/esquery cache-miss
218 http fetch GET 200 https://registry.npmjs.org/debug 63ms (cache miss)
219 silly packumentCache full:https://registry.npmjs.org/debug set size:undefined disposed:false
220 silly fetch manifest esutils@^2.0.2
221 silly packumentCache full:https://registry.npmjs.org/esutils cache-miss
222 http fetch GET 200 https://registry.npmjs.org/ajv 100ms (cache miss)
223 silly packumentCache full:https://registry.npmjs.org/ajv set size:undefined disposed:false
224 silly fetch manifest find-up@^5.0.0
225 silly packumentCache full:https://registry.npmjs.org/find-up cache-miss
226 http fetch GET 200 https://registry.npmjs.org/espree 62ms (cache miss)
227 silly packumentCache full:https://registry.npmjs.org/espree set size:undefined disposed:false
228 silly fetch manifest globals@^13.19.0
229 silly packumentCache full:https://registry.npmjs.org/globals cache-miss
230 http fetch GET 200 https://registry.npmjs.org/ignore 77ms (cache miss)
231 silly packumentCache full:https://registry.npmjs.org/ignore set size:undefined disposed:false
232 silly fetch manifest is-glob@^4.0.0
233 silly packumentCache full:https://registry.npmjs.org/is-glob cache-miss
234 http fetch GET 200 https://registry.npmjs.org/@supabase%2fstorage-js 745ms (cache miss)
235 silly packumentCache full:https://registry.npmjs.org/@supabase%2fstorage-js set size:undefined disposed:false
236 silly fetch manifest doctrine@^3.0.0
237 silly packumentCache full:https://registry.npmjs.org/doctrine cache-miss
238 http fetch GET 200 https://registry.npmjs.org/find-up 65ms (cache miss)
239 silly packumentCache full:https://registry.npmjs.org/find-up set size:undefined disposed:false
240 silly fetch manifest graphemer@^1.4.0
241 silly packumentCache full:https://registry.npmjs.org/graphemer cache-miss
242 http fetch GET 200 https://registry.npmjs.org/esutils 78ms (cache miss)
243 silly packumentCache full:https://registry.npmjs.org/esutils set size:undefined disposed:false
244 silly fetch manifest minimatch@^3.1.2
245 silly packumentCache full:https://registry.npmjs.org/minimatch cache-miss
246 http fetch GET 200 https://registry.npmjs.org/globals 87ms (cache miss)
247 silly packumentCache full:https://registry.npmjs.org/globals set size:undefined disposed:false
248 silly fetch manifest @eslint/js@8.57.1
249 silly packumentCache full:https://registry.npmjs.org/@eslint%2fjs cache-miss
250 http fetch GET 200 https://registry.npmjs.org/doctrine 59ms (cache miss)
251 silly packumentCache full:https://registry.npmjs.org/doctrine set size:undefined disposed:false
252 silly fetch manifest optionator@^0.9.3
253 silly packumentCache full:https://registry.npmjs.org/optionator cache-miss
254 http fetch GET 200 https://registry.npmjs.org/is-glob 73ms (cache miss)
255 silly packumentCache full:https://registry.npmjs.org/is-glob set size:undefined disposed:false
256 silly fetch manifest strip-ansi@^6.0.1
257 silly packumentCache full:https://registry.npmjs.org/strip-ansi cache-miss
258 http fetch GET 200 https://registry.npmjs.org/@supabase%2frealtime-js 782ms (cache miss)
259 silly packumentCache full:https://registry.npmjs.org/@supabase%2frealtime-js set size:undefined disposed:false
260 silly fetch manifest text-table@^0.2.0
261 silly packumentCache full:https://registry.npmjs.org/text-table cache-miss
262 http fetch GET 200 https://registry.npmjs.org/graphemer 58ms (cache miss)
263 silly packumentCache full:https://registry.npmjs.org/graphemer set size:undefined disposed:false
264 silly fetch manifest cross-spawn@^7.0.2
265 silly packumentCache full:https://registry.npmjs.org/cross-spawn cache-miss
266 http fetch GET 200 https://registry.npmjs.org/minimatch 84ms (cache miss)
267 silly packumentCache full:https://registry.npmjs.org/minimatch set size:undefined disposed:false
268 silly fetch manifest glob-parent@^6.0.2
269 silly packumentCache full:https://registry.npmjs.org/glob-parent cache-miss
270 http fetch GET 200 https://registry.npmjs.org/optionator 53ms (cache miss)
271 silly packumentCache full:https://registry.npmjs.org/optionator set size:undefined disposed:false
272 silly fetch manifest imurmurhash@^0.1.4
273 silly packumentCache full:https://registry.npmjs.org/imurmurhash cache-miss
274 http fetch GET 200 https://registry.npmjs.org/strip-ansi 59ms (cache miss)
275 silly packumentCache full:https://registry.npmjs.org/strip-ansi set size:undefined disposed:false
276 silly fetch manifest eslint-scope@^7.2.2
277 silly packumentCache full:https://registry.npmjs.org/eslint-scope cache-miss
278 http fetch GET 200 https://registry.npmjs.org/text-table 53ms (cache miss)
279 silly packumentCache full:https://registry.npmjs.org/text-table set size:undefined disposed:false
280 silly fetch manifest lodash.merge@^4.6.2
281 silly packumentCache full:https://registry.npmjs.org/lodash.merge cache-miss
282 http fetch GET 200 https://registry.npmjs.org/@eslint%2fjs 81ms (cache miss)
283 silly packumentCache full:https://registry.npmjs.org/@eslint%2fjs set size:undefined disposed:false
284 silly fetch manifest is-path-inside@^3.0.3
285 silly packumentCache full:https://registry.npmjs.org/is-path-inside cache-miss
286 http fetch GET 200 https://registry.npmjs.org/cross-spawn 75ms (cache miss)
287 silly packumentCache full:https://registry.npmjs.org/cross-spawn set size:undefined disposed:false
288 silly fetch manifest fast-deep-equal@^3.1.3
289 silly packumentCache full:https://registry.npmjs.org/fast-deep-equal cache-miss
290 http fetch GET 200 https://registry.npmjs.org/glob-parent 58ms (cache miss)
291 silly packumentCache full:https://registry.npmjs.org/glob-parent set size:undefined disposed:false
292 silly fetch manifest natural-compare@^1.4.0
293 silly packumentCache full:https://registry.npmjs.org/natural-compare cache-miss
294 http fetch GET 200 https://registry.npmjs.org/eslint-scope 57ms (cache miss)
295 silly packumentCache full:https://registry.npmjs.org/eslint-scope set size:undefined disposed:false
296 silly fetch manifest @eslint/eslintrc@^2.1.4
297 silly packumentCache full:https://registry.npmjs.org/@eslint%2feslintrc cache-miss
298 http fetch GET 200 https://registry.npmjs.org/lodash.merge 70ms (cache miss)
299 silly packumentCache full:https://registry.npmjs.org/lodash.merge set size:undefined disposed:false
300 silly fetch manifest @nodelib/fs.walk@^1.2.8
301 silly packumentCache full:https://registry.npmjs.org/@nodelib%2ffs.walk cache-miss
302 http fetch GET 200 https://registry.npmjs.org/esquery 281ms (cache miss)
303 silly packumentCache full:https://registry.npmjs.org/esquery set size:undefined disposed:false
304 silly fetch manifest file-entry-cache@^6.0.1
305 silly packumentCache full:https://registry.npmjs.org/file-entry-cache cache-miss
306 http fetch GET 200 https://registry.npmjs.org/is-path-inside 63ms (cache miss)
307 silly packumentCache full:https://registry.npmjs.org/is-path-inside set size:undefined disposed:false
308 silly fetch manifest eslint-visitor-keys@^3.4.3
309 silly packumentCache full:https://registry.npmjs.org/eslint-visitor-keys cache-miss
310 http fetch GET 200 https://registry.npmjs.org/fast-deep-equal 51ms (cache miss)
311 silly packumentCache full:https://registry.npmjs.org/fast-deep-equal set size:undefined disposed:false
312 silly fetch manifest escape-string-regexp@^4.0.0
313 silly packumentCache full:https://registry.npmjs.org/escape-string-regexp cache-miss
314 http fetch GET 200 https://registry.npmjs.org/natural-compare 52ms (cache miss)
315 silly packumentCache full:https://registry.npmjs.org/natural-compare set size:undefined disposed:false
316 silly fetch manifest @ungap/structured-clone@^1.2.0
317 silly packumentCache full:https://registry.npmjs.org/@ungap%2fstructured-clone cache-miss
318 http fetch GET 200 https://registry.npmjs.org/@eslint%2feslintrc 70ms (cache miss)
319 silly packumentCache full:https://registry.npmjs.org/@eslint%2feslintrc set size:undefined disposed:false
320 silly fetch manifest @eslint-community/regexpp@^4.6.1
321 silly packumentCache full:https://registry.npmjs.org/@eslint-community%2fregexpp cache-miss
322 http fetch GET 200 https://registry.npmjs.org/escape-string-regexp 48ms (cache miss)
323 silly packumentCache full:https://registry.npmjs.org/escape-string-regexp set size:undefined disposed:false
324 silly fetch manifest @humanwhocodes/config-array@^0.13.0
325 silly packumentCache full:https://registry.npmjs.org/@humanwhocodes%2fconfig-array cache-miss
326 http fetch GET 200 https://registry.npmjs.org/eslint-visitor-keys 57ms (cache miss)
327 silly packumentCache full:https://registry.npmjs.org/eslint-visitor-keys set size:undefined disposed:false
328 silly fetch manifest @eslint-community/eslint-utils@^4.2.0
329 silly packumentCache full:https://registry.npmjs.org/@eslint-community%2feslint-utils cache-miss
330 http fetch GET 200 https://registry.npmjs.org/file-entry-cache 60ms (cache miss)
331 silly packumentCache full:https://registry.npmjs.org/file-entry-cache set size:undefined disposed:false
332 silly fetch manifest @humanwhocodes/module-importer@^1.0.1
333 silly packumentCache full:https://registry.npmjs.org/@humanwhocodes%2fmodule-importer cache-miss
334 http fetch GET 200 https://registry.npmjs.org/@nodelib%2ffs.walk 75ms (cache miss)
335 silly packumentCache full:https://registry.npmjs.org/@nodelib%2ffs.walk set size:undefined disposed:false
336 silly fetch manifest json-stable-stringify-without-jsonify@^1.0.1
337 silly packumentCache full:https://registry.npmjs.org/json-stable-stringify-without-jsonify cache-miss
338 http fetch GET 200 https://registry.npmjs.org/@ungap%2fstructured-clone 62ms (cache miss)
339 silly packumentCache full:https://registry.npmjs.org/@ungap%2fstructured-clone set size:undefined disposed:false
340 silly fetch manifest eslint-plugin-react@^7.37.0
341 silly packumentCache full:https://registry.npmjs.org/eslint-plugin-react cache-miss
342 http fetch GET 200 https://registry.npmjs.org/json-stable-stringify-without-jsonify 49ms (cache miss)
343 silly packumentCache full:https://registry.npmjs.org/json-stable-stringify-without-jsonify set size:undefined disposed:false
344 silly fetch manifest eslint-plugin-import@^2.31.0
345 silly packumentCache full:https://registry.npmjs.org/eslint-plugin-import cache-miss
346 http fetch GET 200 https://registry.npmjs.org/@humanwhocodes%2fmodule-importer 70ms (cache miss)
347 silly packumentCache full:https://registry.npmjs.org/@humanwhocodes%2fmodule-importer set size:undefined disposed:false
348 silly fetch manifest eslint-plugin-jsx-a11y@^6.10.0
349 silly packumentCache full:https://registry.npmjs.org/eslint-plugin-jsx-a11y cache-miss
350 http fetch GET 200 https://registry.npmjs.org/@humanwhocodes%2fconfig-array 74ms (cache miss)
351 silly packumentCache full:https://registry.npmjs.org/@humanwhocodes%2fconfig-array set size:undefined disposed:false
352 silly fetch manifest @rushstack/eslint-patch@^1.10.3
353 silly packumentCache full:https://registry.npmjs.org/@rushstack%2feslint-patch cache-miss
354 http fetch GET 200 https://registry.npmjs.org/@supabase%2fpostgrest-js 1024ms (cache miss)
355 silly packumentCache full:https://registry.npmjs.org/@supabase%2fpostgrest-js set size:undefined disposed:false
356 silly fetch manifest @next/eslint-plugin-next@15.2.4
357 silly packumentCache full:https://registry.npmjs.org/@next%2feslint-plugin-next cache-miss
358 http fetch GET 200 https://registry.npmjs.org/@supabase%2ffunctions-js 1111ms (cache miss)
359 silly packumentCache full:https://registry.npmjs.org/@supabase%2ffunctions-js set size:undefined disposed:false
360 silly fetch manifest @typescript-eslint/parser@^5.4.2 || ^6.0.0 || ^7.0.0 || ^8.0.0
361 silly packumentCache full:https://registry.npmjs.org/@typescript-eslint%2fparser cache-miss
362 http fetch GET 200 https://registry.npmjs.org/@eslint-community%2feslint-utils 237ms (cache miss)
363 silly packumentCache full:https://registry.npmjs.org/@eslint-community%2feslint-utils set size:undefined disposed:false
364 silly fetch manifest eslint-plugin-react-hooks@^5.0.0
365 silly packumentCache full:https://registry.npmjs.org/eslint-plugin-react-hooks cache-miss
366 http fetch GET 200 https://registry.npmjs.org/eslint-plugin-jsx-a11y 234ms (cache miss)
367 silly packumentCache full:https://registry.npmjs.org/eslint-plugin-jsx-a11y set size:undefined disposed:false
368 silly fetch manifest eslint-import-resolver-node@^0.3.6
369 silly packumentCache full:https://registry.npmjs.org/eslint-import-resolver-node cache-miss
370 http fetch GET 200 https://registry.npmjs.org/eslint-plugin-import 266ms (cache miss)
371 silly packumentCache full:https://registry.npmjs.org/eslint-plugin-import set size:undefined disposed:false
372 silly fetch manifest @typescript-eslint/eslint-plugin@^5.4.2 || ^6.0.0 || ^7.0.0 || ^8.0.0
373 silly packumentCache full:https://registry.npmjs.org/@typescript-eslint%2feslint-plugin cache-miss
374 http fetch GET 200 https://registry.npmjs.org/imurmurhash 583ms (cache miss)
375 silly packumentCache full:https://registry.npmjs.org/imurmurhash set size:undefined disposed:false
376 silly fetch manifest eslint-import-resolver-typescript@^3.5.2
377 silly packumentCache full:https://registry.npmjs.org/eslint-import-resolver-typescript cache-miss
378 http fetch GET 200 https://registry.npmjs.org/eslint-import-resolver-node 234ms (cache miss)
379 silly packumentCache full:https://registry.npmjs.org/eslint-import-resolver-node set size:undefined disposed:false
380 silly fetch manifest busboy@1.6.0
381 silly packumentCache full:https://registry.npmjs.org/busboy cache-miss
382 http fetch GET 200 https://registry.npmjs.org/@eslint-community%2fregexpp 629ms (cache miss)
383 silly packumentCache full:https://registry.npmjs.org/@eslint-community%2fregexpp set size:undefined disposed:false
384 silly fetch manifest postcss@8.4.31
385 silly packumentCache full:https://registry.npmjs.org/postcss cache-miss
386 http cache https://registry.npmjs.org/postcss 2ms (cache hit)
387 silly packumentCache full:https://registry.npmjs.org/postcss set size:708244 disposed:false
388 silly fetch manifest @next/env@15.2.4
389 silly packumentCache full:https://registry.npmjs.org/@next%2fenv cache-miss
390 http fetch GET 200 https://registry.npmjs.org/busboy 137ms (cache miss)
391 silly packumentCache full:https://registry.npmjs.org/busboy set size:undefined disposed:false
392 silly fetch manifest styled-jsx@5.1.6
393 silly packumentCache full:https://registry.npmjs.org/styled-jsx cache-miss
394 http fetch GET 200 https://registry.npmjs.org/eslint-plugin-react 682ms (cache miss)
395 silly packumentCache full:https://registry.npmjs.org/eslint-plugin-react set size:undefined disposed:false
396 silly fetch manifest @swc/counter@0.1.3
397 silly packumentCache full:https://registry.npmjs.org/@swc%2fcounter cache-miss
398 http fetch GET 200 https://registry.npmjs.org/eslint-import-resolver-typescript 303ms (cache miss)
399 silly packumentCache full:https://registry.npmjs.org/eslint-import-resolver-typescript set size:undefined disposed:false
400 silly fetch manifest @swc/helpers@0.5.15
401 silly packumentCache full:https://registry.npmjs.org/@swc%2fhelpers cache-miss
402 http fetch GET 200 https://registry.npmjs.org/styled-jsx 222ms (cache miss)
403 silly packumentCache full:https://registry.npmjs.org/styled-jsx set size:undefined disposed:false
404 silly fetch manifest caniuse-lite@^1.0.30001579
405 silly packumentCache full:https://registry.npmjs.org/caniuse-lite cache-miss
406 http cache https://registry.npmjs.org/caniuse-lite 10ms (cache hit)
407 silly packumentCache full:https://registry.npmjs.org/caniuse-lite set size:2287105 disposed:false
408 silly fetch manifest sharp@^0.33.5
409 silly packumentCache full:https://registry.npmjs.org/sharp cache-miss
410 http fetch GET 200 https://registry.npmjs.org/@swc%2fhelpers 190ms (cache miss)
411 silly packumentCache full:https://registry.npmjs.org/@swc%2fhelpers set size:undefined disposed:false
412 silly fetch manifest @next/swc-darwin-x64@15.2.4
413 silly packumentCache full:https://registry.npmjs.org/@next%2fswc-darwin-x64 cache-miss
